=> Booting Puma
=> Rails 8.0.2 application starting in production 
=> Run `bin/rails server --help` for more startup options
Exiting
/home/ec2-user/environment/map-20250618-mdl-rails/NovaVoice/config/initializers/aws_credentials.rb:8:in `block in <main>': uninitialized constant AwsCredentialsService (NameError)

    aws_creds = AwsCredentialsService.instance
                ^^^^^^^^^^^^^^^^^^^^^
	from /home/ec2-user/.local/share/gem/ruby/ruby/3.2.0/gems/railties-8.0.2/lib/rails/railtie.rb:256:in `instance_eval'
	from /home/ec2-user/.local/share/gem/ruby/ruby/3.2.0/gems/railties-8.0.2/lib/rails/railtie.rb:256:in `configure'
	from /home/ec2-user/environment/map-20250618-mdl-rails/NovaVoice/config/initializers/aws_credentials.rb:6:in `<main>'
	from /home/ec2-user/.local/share/gem/ruby/ruby/3.2.0/gems/railties-8.0.2/lib/rails/engine.rb:693:in `load'
	from /home/ec2-user/.local/share/gem/ruby/ruby/3.2.0/gems/railties-8.0.2/lib/rails/engine.rb:693:in `block in load_config_initializer'
	from /home/ec2-user/.local/share/gem/ruby/ruby/3.2.0/gems/activesupport-8.0.2/lib/active_support/notifications.rb:212:in `instrument'
	from /home/ec2-user/.local/share/gem/ruby/ruby/3.2.0/gems/railties-8.0.2/lib/rails/engine.rb:692:in `load_config_initializer'
	from /home/ec2-user/.local/share/gem/ruby/ruby/3.2.0/gems/railties-8.0.2/lib/rails/engine.rb:646:in `block (2 levels) in <class:Engine>'
	from /home/ec2-user/.local/share/gem/ruby/ruby/3.2.0/gems/railties-8.0.2/lib/rails/engine.rb:645:in `each'
	from /home/ec2-user/.local/share/gem/ruby/ruby/3.2.0/gems/railties-8.0.2/lib/rails/engine.rb:645:in `block in <class:Engine>'
	from /home/ec2-user/.local/share/gem/ruby/ruby/3.2.0/gems/railties-8.0.2/lib/rails/initializable.rb:32:in `instance_exec'
	from /home/ec2-user/.local/share/gem/ruby/ruby/3.2.0/gems/railties-8.0.2/lib/rails/initializable.rb:32:in `run'
	from /home/ec2-user/.local/share/gem/ruby/ruby/3.2.0/gems/railties-8.0.2/lib/rails/initializable.rb:61:in `block in run_initializers'
	from /usr/share/ruby3.2/tsort.rb:228:in `block in tsort_each'
	from /usr/share/ruby3.2/tsort.rb:350:in `block (2 levels) in each_strongly_connected_component'
	from /usr/share/ruby3.2/tsort.rb:422:in `block (2 levels) in each_strongly_connected_component_from'
	from /usr/share/ruby3.2/tsort.rb:431:in `each_strongly_connected_component_from'
	from /usr/share/ruby3.2/tsort.rb:421:in `block in each_strongly_connected_component_from'
	from /home/ec2-user/.local/share/gem/ruby/ruby/3.2.0/gems/railties-8.0.2/lib/rails/initializable.rb:50:in `each'
	from /home/ec2-user/.local/share/gem/ruby/ruby/3.2.0/gems/railties-8.0.2/lib/rails/initializable.rb:50:in `tsort_each_child'
	from /usr/share/ruby3.2/tsort.rb:415:in `call'
	from /usr/share/ruby3.2/tsort.rb:415:in `each_strongly_connected_component_from'
	from /usr/share/ruby3.2/tsort.rb:349:in `block in each_strongly_connected_component'
	from /usr/share/ruby3.2/tsort.rb:347:in `each'
	from /usr/share/ruby3.2/tsort.rb:347:in `call'
	from /usr/share/ruby3.2/tsort.rb:347:in `each_strongly_connected_component'
	from /usr/share/ruby3.2/tsort.rb:226:in `tsort_each'
	from /usr/share/ruby3.2/tsort.rb:205:in `tsort_each'
	from /home/ec2-user/.local/share/gem/ruby/ruby/3.2.0/gems/railties-8.0.2/lib/rails/initializable.rb:60:in `run_initializers'
	from /home/ec2-user/.local/share/gem/ruby/ruby/3.2.0/gems/railties-8.0.2/lib/rails/application.rb:440:in `initialize!'
	from /home/ec2-user/environment/map-20250618-mdl-rails/NovaVoice/config/environment.rb:5:in `<main>'
	from config.ru:3:in `require_relative'
	from config.ru:3:in `block (2 levels) in <main>'
	from /home/ec2-user/.local/share/gem/ruby/ruby/3.2.0/gems/rack-3.1.16/lib/rack/builder.rb:108:in `eval'
	from /home/ec2-user/.local/share/gem/ruby/ruby/3.2.0/gems/rack-3.1.16/lib/rack/builder.rb:108:in `new_from_string'
	from /home/ec2-user/.local/share/gem/ruby/ruby/3.2.0/gems/rack-3.1.16/lib/rack/builder.rb:97:in `load_file'
	from /home/ec2-user/.local/share/gem/ruby/ruby/3.2.0/gems/rack-3.1.16/lib/rack/builder.rb:67:in `parse_file'
	from /home/ec2-user/.local/share/gem/ruby/ruby/3.2.0/gems/rackup-2.2.1/lib/rackup/server.rb:354:in `build_app_and_options_from_config'
	from /home/ec2-user/.local/share/gem/ruby/ruby/3.2.0/gems/rackup-2.2.1/lib/rackup/server.rb:263:in `app'
	from /home/ec2-user/.local/share/gem/ruby/ruby/3.2.0/gems/rackup-2.2.1/lib/rackup/server.rb:424:in `wrapped_app'
	from /home/ec2-user/.local/share/gem/ruby/ruby/3.2.0/gems/rackup-2.2.1/lib/rackup/server.rb:326:in `block in start'
	from /home/ec2-user/.local/share/gem/ruby/ruby/3.2.0/gems/rackup-2.2.1/lib/rackup/server.rb:382:in `handle_profiling'
	from /home/ec2-user/.local/share/gem/ruby/ruby/3.2.0/gems/rackup-2.2.1/lib/rackup/server.rb:325:in `start'
	from /home/ec2-user/.local/share/gem/ruby/ruby/3.2.0/gems/railties-8.0.2/lib/rails/commands/server/server_command.rb:38:in `start'
	from /home/ec2-user/.local/share/gem/ruby/ruby/3.2.0/gems/railties-8.0.2/lib/rails/commands/server/server_command.rb:145:in `block in perform'
	from <internal:kernel>:90:in `tap'
	from /home/ec2-user/.local/share/gem/ruby/ruby/3.2.0/gems/railties-8.0.2/lib/rails/commands/server/server_command.rb:136:in `perform'
	from /home/ec2-user/.local/share/gem/ruby/ruby/3.2.0/gems/thor-1.3.2/lib/thor/command.rb:28:in `run'
	from /home/ec2-user/.local/share/gem/ruby/ruby/3.2.0/gems/thor-1.3.2/lib/thor/invocation.rb:127:in `invoke_command'
	from /home/ec2-user/.local/share/gem/ruby/ruby/3.2.0/gems/railties-8.0.2/lib/rails/command/base.rb:178:in `invoke_command'
	from /home/ec2-user/.local/share/gem/ruby/ruby/3.2.0/gems/thor-1.3.2/lib/thor.rb:538:in `dispatch'
	from /home/ec2-user/.local/share/gem/ruby/ruby/3.2.0/gems/railties-8.0.2/lib/rails/command/base.rb:73:in `perform'
	from /home/ec2-user/.local/share/gem/ruby/ruby/3.2.0/gems/railties-8.0.2/lib/rails/command.rb:65:in `block in invoke'
	from /home/ec2-user/.local/share/gem/ruby/ruby/3.2.0/gems/railties-8.0.2/lib/rails/command.rb:143:in `with_argv'
	from /home/ec2-user/.local/share/gem/ruby/ruby/3.2.0/gems/railties-8.0.2/lib/rails/command.rb:63:in `invoke'
	from /home/ec2-user/.local/share/gem/ruby/ruby/3.2.0/gems/railties-8.0.2/lib/rails/commands.rb:18:in `<main>'
	from <internal:/usr/share/ruby3.2-rubygems/rubygems/core_ext/kernel_require.rb>:38:in `require'
	from <internal:/usr/share/ruby3.2-rubygems/rubygems/core_ext/kernel_require.rb>:38:in `require'
	from /home/ec2-user/.local/share/gem/ruby/ruby/3.2.0/gems/bootsnap-1.18.6/lib/bootsnap/load_path_cache/core_ext/kernel_require.rb:30:in `require'
	from bin/rails:4:in `<main>'
