
> nova-sonic-vonage-microservice@1.0.0 dev
> ts-node-dev --respawn src/index.ts

[INFO] 01:05:57 ts-node-dev ver. 2.0.0 (using ts-node ver. 10.9.2, typescript ver. 5.8.3)
[32minfo[39m: VonageService initialized {"outboundNumber":"+12135235735","timestamp":"2025-06-22T01:06:09.427Z","webhookBaseUrl":"https://gospelshare.io"}
[32minfo[39m: NovaSonicBidirectionalStreamClient initialized {"timestamp":"2025-06-22T01:06:09.435Z"}
[32minfo[39m: Microservice running on http://0.0.0.0:3000 {"timestamp":"2025-06-22T01:06:09.442Z"}
[32minfo[39m: WebSocket server available on ws://0.0.0.0:3000/ws {"timestamp":"2025-06-22T01:06:09.442Z"}
[32minfo[39m: Environment: {"awsRegion":"us-east-1","outboundNumber":"+12135235735","timestamp":"2025-06-22T01:06:09.442Z","webhookBaseUrl":"https://gospelshare.io"}
[32minfo[39m: Vonage inbound event {"body":{"conversation_uuid":"CON-a0ff0715-c94c-4e1b-9b03-81495a02cf55","direction":"inbound","from":"13472005533","headers":{},"status":"started","timestamp":"2025-06-22T01:08:14.821Z","to":"12135235700","uuid":"1308c560fd6e615d5431ff5d1946afe6"},"timestamp":"2025-06-22T01:08:15.018Z"}
[32minfo[39m: Vonage inbound event {"body":{"conversation_uuid":"CON-a0ff0715-c94c-4e1b-9b03-81495a02cf55","direction":"inbound","from":"13472005533","headers":{},"status":"ringing","timestamp":"2025-06-22T01:08:14.821Z","to":"12135235700","uuid":"1308c560fd6e615d5431ff5d1946afe6"},"timestamp":"2025-06-22T01:08:15.031Z"}
[32minfo[39m: Vonage inbound answer webhook {"callId":"1308c560fd6e615d5431ff5d1946afe6","conversation_uuid":"CON-a0ff0715-c94c-4e1b-9b03-81495a02cf55","from":"13472005533","query":{"conversation_uuid":"CON-a0ff0715-c94c-4e1b-9b03-81495a02cf55","endpoint_type":"phone","from":"13472005533","region_url":"https://api-us-3.vonage.com","to":"12135235700","uuid":"1308c560fd6e615d5431ff5d1946afe6"},"timestamp":"2025-06-22T01:08:15.052Z","to":"12135235700"}
[32minfo[39m: BedrockService initialized {"modelId":"amazon.nova-sonic-v1:0","region":"us-east-1","timestamp":"2025-06-22T01:08:15.056Z"}
[32minfo[39m: AudioProcessor initialized {"timestamp":"2025-06-22T01:08:15.057Z"}
[32minfo[39m: Vonage inbound event {"body":{"conversation_uuid":"CON-a0ff0715-c94c-4e1b-9b03-81495a02cf55","direction":"inbound","from":"13472005533","headers":{},"network":null,"rate":null,"start_time":null,"status":"answered","timestamp":"2025-06-22T01:08:15.117Z","to":"12135235700","uuid":"1308c560fd6e615d5431ff5d1946afe6"},"timestamp":"2025-06-22T01:08:15.155Z"}
[32minfo[39m: WebSocket connection attempt {"callId":"1308c560fd6e615d5431ff5d1946afe6","headers":{"cloudfront-forwarded-proto":"https","cloudfront-is-desktop-viewer":"true","cloudfront-is-mobile-viewer":"false","cloudfront-is-smarttv-viewer":"false","cloudfront-is-tablet-viewer":"false","cloudfront-viewer-asn":"14618","cloudfront-viewer-country":"US","connection":"upgrade","host":"gospelshare.io","origin":"wss://gospelshare.io","sec-websocket-key":"1kwuw3sgEAxFT7Ti7NrESA==","sec-websocket-protocol":"WSBRIDGE","sec-websocket-version":"13","upgrade":"websocket","user-agent":"WSBridgeV2","via":"1.1 dee8b83cfc5bbd3e21ee2db7b2bb9b10.cloudfront.net (CloudFront)","x-amz-cf-id":"RhRRpIUspem29jzVer97Mj4QCENPpR1r63IPD1Fr7oOOiDvDQdvHFw==","x-forwarded-for":"216.147.2.208"},"pathname":"/socket","searchParams":{"channel":"1308c560fd6e615d5431ff5d1946afe6"},"timestamp":"2025-06-22T01:08:21.104Z","url":"/socket?channel=1308c560fd6e615d5431ff5d1946afe6"}
[32minfo[39m: WebSocket connected {"callId":"1308c560fd6e615d5431ff5d1946afe6","timestamp":"2025-06-22T01:08:21.105Z"}
[32minfo[39m: 🚀 STEP 1: Creating stream session {"callId":"1308c560fd6e615d5431ff5d1946afe6","timestamp":"2025-06-22T01:08:21.105Z"}
[32minfo[39m: ✅ STEP 1 COMPLETE: Stream session created {"callId":"1308c560fd6e615d5431ff5d1946afe6","timestamp":"2025-06-22T01:08:21.108Z"}
[32minfo[39m: 🎧 STEP 2: Setting up event handlers {"callId":"1308c560fd6e615d5431ff5d1946afe6","timestamp":"2025-06-22T01:08:21.109Z"}
[32minfo[39m: ✅ STEP 2 COMPLETE: Event handlers set {"callId":"1308c560fd6e615d5431ff5d1946afe6","timestamp":"2025-06-22T01:08:21.109Z"}
[32minfo[39m: 🔗 STEP 3: Initiating Nova Sonic session (with new fast async iterator) {"callId":"1308c560fd6e615d5431ff5d1946afe6","timestamp":"2025-06-22T01:08:21.109Z"}
[32minfo[39m: Starting bidirectional stream for session 1308c560fd6e615d5431ff5d1946afe6... {"timestamp":"2025-06-22T01:08:21.110Z"}
[32minfo[39m: Created 6 initial events for session 1308c560fd6e615d5431ff5d1946afe6 {"timestamp":"2025-06-22T01:08:21.154Z"}
[32minfo[39m: Sending initial event 1/6 for session 1308c560fd6e615d5431ff5d1946afe6: {"timestamp":"2025-06-22T01:08:21.155Z"}
[32minfo[39m: Sending initial event 2/6 for session 1308c560fd6e615d5431ff5d1946afe6: {"timestamp":"2025-06-22T01:08:21.157Z"}
[32minfo[39m: Sending initial event 3/6 for session 1308c560fd6e615d5431ff5d1946afe6: {"timestamp":"2025-06-22T01:08:21.159Z"}
[32minfo[39m: Sending initial event 4/6 for session 1308c560fd6e615d5431ff5d1946afe6: {"timestamp":"2025-06-22T01:08:21.160Z"}
[32minfo[39m: Sending initial event 5/6 for session 1308c560fd6e615d5431ff5d1946afe6: {"timestamp":"2025-06-22T01:08:21.161Z"}
[32minfo[39m: Sending initial event 6/6 for session 1308c560fd6e615d5431ff5d1946afe6: {"timestamp":"2025-06-22T01:08:21.162Z"}
[32minfo[39m: ✅ All initial events sent for session 1308c560fd6e615d5431ff5d1946afe6, now handling audio queue {"timestamp":"2025-06-22T01:08:21.162Z"}
[32minfo[39m: Vonage inbound event {"body":{"conversation_uuid":"CON-a0ff0715-c94c-4e1b-9b03-81495a02cf55","direction":"outbound","from":"Esther - Mike Lawrence Productions","headers":{},"status":"started","timestamp":"2025-06-22T01:08:21.141Z","to":"wss://gospelshare.io/socket?channel=1308c560fd6e615d5431ff5d1946afe6","uuid":"9c15dd57-8fe9-411f-a066-16e46a920dd0"},"timestamp":"2025-06-22T01:08:21.213Z"}
[32minfo[39m: Vonage inbound event {"body":{"conversation_uuid":"CON-a0ff0715-c94c-4e1b-9b03-81495a02cf55","direction":"outbound","from":"Esther - Mike Lawrence Productions","headers":{},"network":null,"rate":null,"start_time":null,"status":"answered","timestamp":"2025-06-22T01:08:21.141Z","to":"wss://gospelshare.io/socket?channel=1308c560fd6e615d5431ff5d1946afe6","uuid":"9c15dd57-8fe9-411f-a066-16e46a920dd0"},"timestamp":"2025-06-22T01:08:21.217Z"}
[32minfo[39m: Vonage inbound event {"body":{"conversation_uuid":"CON-a0ff0715-c94c-4e1b-9b03-81495a02cf55","direction":"outbound","from":"Esther - Mike Lawrence Productions","headers":{},"status":"ringing","timestamp":"2025-06-22T01:08:21.141Z","to":"wss://gospelshare.io/socket?channel=1308c560fd6e615d5431ff5d1946afe6","uuid":"9c15dd57-8fe9-411f-a066-16e46a920dd0"},"timestamp":"2025-06-22T01:08:21.228Z"}
[32minfo[39m: Stream established for session 1308c560fd6e615d5431ff5d1946afe6, processing responses... {"timestamp":"2025-06-22T01:08:21.456Z"}
[32minfo[39m: Vonage inbound event {"body":{"conversation_uuid":"CON-a0ff0715-c94c-4e1b-9b03-81495a02cf55","direction":"inbound","disconnected_by":"user","duration":"17","end_time":"2025-06-22T01:08:32.000Z","from":"13472005533","headers":{},"network":"US-UNKNOWN","price":"0.00132033","rate":"0.00466000","start_time":"2025-06-22T01:08:15.000Z","status":"completed","timestamp":"2025-06-22T01:08:31.928Z","to":"12135235700","uuid":"1308c560fd6e615d5431ff5d1946afe6"},"timestamp":"2025-06-22T01:08:32.203Z"}
[32minfo[39m: Inbound call ended {"callId":"1308c560fd6e615d5431ff5d1946afe6","duration":17145,"phoneNumber":"13472005533","status":"completed","timestamp":"2025-06-22T01:08:32.203Z","transcript":[]}
[32minfo[39m: Vonage inbound event {"body":{"conversation_uuid":"CON-a0ff0715-c94c-4e1b-9b03-81495a02cf55","direction":"outbound","disconnected_by":"platform","duration":"11","end_time":"2025-06-22T01:08:32.000Z","from":"Esther - Mike Lawrence Productions","headers":{},"network":null,"price":"0.000733","rate":"0.004000","start_time":"2025-06-22T01:08:21.000Z","status":"completed","timestamp":"2025-06-22T01:08:32.263Z","to":"wss://gospelshare.io/socket?channel=1308c560fd6e615d5431ff5d1946afe6","uuid":"9c15dd57-8fe9-411f-a066-16e46a920dd0"},"timestamp":"2025-06-22T01:08:32.514Z"}
[31merror[39m: Error processing response stream for session 1308c560fd6e615d5431ff5d1946afe6:  Timed out waiting for input events {"$fault":"client","$metadata":{},"name":"ValidationException","stack":"ValidationException: Timed out waiting for input events\n    at de_ValidationExceptionRes (/home/ec2-user/environment/map-20250618-mdl-rails/NovaVoice/microservice/node_modules/@aws-sdk/client-bedrock-runtime/dist-cjs/index.js:1699:21)\n    at de_ValidationException_event (/home/ec2-user/environment/map-20250618-mdl-rails/NovaVoice/microservice/node_modules/@aws-sdk/client-bedrock-runtime/dist-cjs/index.js:1969:10)\n    at processTicksAndRejections (node:internal/process/task_queues:95:5)\n    at /home/ec2-user/environment/map-20250618-mdl-rails/NovaVoice/microservice/node_modules/@aws-sdk/client-bedrock-runtime/dist-cjs/index.js:1811:30\n    at Object.deserializer (/home/ec2-user/environment/map-20250618-mdl-rails/NovaVoice/microservice/node_modules/@smithy/eventstream-serde-universal/dist-cjs/index.js:127:37)\n    at SmithyMessageDecoderStream.asyncIterator (/home/ec2-user/environment/map-20250618-mdl-rails/NovaVoice/microservice/node_modules/@smithy/eventstream-codec/dist-cjs/index.js:438:28)\n    at NovaSonicBidirectionalStreamClient.processResponseStream (/home/ec2-user/environment/map-20250618-mdl-rails/NovaVoice/microservice/src/nova-sonic-client.ts:545:24)\n    at NovaSonicBidirectionalStreamClient.initiateSession (/home/ec2-user/environment/map-20250618-mdl-rails/NovaVoice/microservice/src/nova-sonic-client.ts:310:7)\n    at WebSocketServer.<anonymous> (/home/ec2-user/environment/map-20250618-mdl-rails/NovaVoice/microservice/src/index.ts:509:5)","timestamp":"2025-06-22T01:09:19.743Z"}
[31merror[39m: Nova Sonic error {"callId":"1308c560fd6e615d5431ff5d1946afe6","error":{"details":"Timed out waiting for input events","message":"Error processing response stream","source":"responseStream"},"timestamp":"2025-06-22T01:09:19.744Z"}
[32minfo[39m: 🎉 COMPLETE: Nova Sonic session fully initialized {"callId":"1308c560fd6e615d5431ff5d1946afe6","timestamp":"2025-06-22T01:09:19.744Z","totalDuration":"58634ms"}
[32minfo[39m: Vonage inbound event {"body":{"conversation_uuid":"CON-91676d44-67cd-4a61-a1f4-9ed039672649","direction":"inbound","from":"13472005533","headers":{},"status":"started","timestamp":"2025-06-22T01:09:24.720Z","to":"12135235700","uuid":"ffcf47d10ffb5c0cbcc6481b193d0aad"},"timestamp":"2025-06-22T01:09:24.871Z"}
[32minfo[39m: Vonage inbound event {"body":{"conversation_uuid":"CON-91676d44-67cd-4a61-a1f4-9ed039672649","direction":"inbound","from":"13472005533","headers":{},"status":"ringing","timestamp":"2025-06-22T01:09:24.720Z","to":"12135235700","uuid":"ffcf47d10ffb5c0cbcc6481b193d0aad"},"timestamp":"2025-06-22T01:09:24.874Z"}
[32minfo[39m: Vonage inbound answer webhook {"callId":"ffcf47d10ffb5c0cbcc6481b193d0aad","conversation_uuid":"CON-91676d44-67cd-4a61-a1f4-9ed039672649","from":"13472005533","query":{"conversation_uuid":"CON-91676d44-67cd-4a61-a1f4-9ed039672649","endpoint_type":"phone","from":"13472005533","region_url":"https://api-us-3.vonage.com","to":"12135235700","uuid":"ffcf47d10ffb5c0cbcc6481b193d0aad"},"timestamp":"2025-06-22T01:09:24.946Z","to":"12135235700"}
[32minfo[39m: BedrockService initialized {"modelId":"amazon.nova-sonic-v1:0","region":"us-east-1","timestamp":"2025-06-22T01:09:24.948Z"}
[32minfo[39m: AudioProcessor initialized {"timestamp":"2025-06-22T01:09:24.948Z"}
[32minfo[39m: Vonage inbound event {"body":{"conversation_uuid":"CON-91676d44-67cd-4a61-a1f4-9ed039672649","direction":"inbound","from":"13472005533","headers":{},"network":null,"rate":null,"start_time":null,"status":"answered","timestamp":"2025-06-22T01:09:25.057Z","to":"12135235700","uuid":"ffcf47d10ffb5c0cbcc6481b193d0aad"},"timestamp":"2025-06-22T01:09:25.100Z"}
[32minfo[39m: WebSocket connection attempt {"callId":"ffcf47d10ffb5c0cbcc6481b193d0aad","headers":{"cloudfront-forwarded-proto":"https","cloudfront-is-desktop-viewer":"true","cloudfront-is-mobile-viewer":"false","cloudfront-is-smarttv-viewer":"false","cloudfront-is-tablet-viewer":"false","cloudfront-viewer-asn":"14618","cloudfront-viewer-country":"US","connection":"upgrade","host":"gospelshare.io","origin":"wss://gospelshare.io","sec-websocket-key":"QuUibxcJN/n1+azClOOh7Q==","sec-websocket-protocol":"WSBRIDGE","sec-websocket-version":"13","upgrade":"websocket","user-agent":"WSBridgeV2","via":"1.1 1977821836fb33697d4e0e9c5bdd9f0c.cloudfront.net (CloudFront)","x-amz-cf-id":"6FCxo6_1HmlvMYENOheTGMy7pvbwWrxHwLgKiijqWmjQsFcvJwIfJw==","x-forwarded-for":"216.147.2.130"},"pathname":"/socket","searchParams":{"channel":"ffcf47d10ffb5c0cbcc6481b193d0aad"},"timestamp":"2025-06-22T01:09:31.054Z","url":"/socket?channel=ffcf47d10ffb5c0cbcc6481b193d0aad"}
[32minfo[39m: WebSocket connected {"callId":"ffcf47d10ffb5c0cbcc6481b193d0aad","timestamp":"2025-06-22T01:09:31.054Z"}
[32minfo[39m: 🚀 STEP 1: Creating stream session {"callId":"ffcf47d10ffb5c0cbcc6481b193d0aad","timestamp":"2025-06-22T01:09:31.054Z"}
[32minfo[39m: ✅ STEP 1 COMPLETE: Stream session created {"callId":"ffcf47d10ffb5c0cbcc6481b193d0aad","timestamp":"2025-06-22T01:09:31.055Z"}
[32minfo[39m: 🎧 STEP 2: Setting up event handlers {"callId":"ffcf47d10ffb5c0cbcc6481b193d0aad","timestamp":"2025-06-22T01:09:31.055Z"}
[32minfo[39m: ✅ STEP 2 COMPLETE: Event handlers set {"callId":"ffcf47d10ffb5c0cbcc6481b193d0aad","timestamp":"2025-06-22T01:09:31.055Z"}
[32minfo[39m: 🔗 STEP 3: Initiating Nova Sonic session (with new fast async iterator) {"callId":"ffcf47d10ffb5c0cbcc6481b193d0aad","timestamp":"2025-06-22T01:09:31.055Z"}
[32minfo[39m: Starting bidirectional stream for session ffcf47d10ffb5c0cbcc6481b193d0aad... {"timestamp":"2025-06-22T01:09:31.055Z"}
[32minfo[39m: Created 6 initial events for session ffcf47d10ffb5c0cbcc6481b193d0aad {"timestamp":"2025-06-22T01:09:31.061Z"}
[32minfo[39m: Sending initial event 1/6 for session ffcf47d10ffb5c0cbcc6481b193d0aad: {"timestamp":"2025-06-22T01:09:31.062Z"}
[32minfo[39m: Sending initial event 2/6 for session ffcf47d10ffb5c0cbcc6481b193d0aad: {"timestamp":"2025-06-22T01:09:31.062Z"}
[32minfo[39m: Sending initial event 3/6 for session ffcf47d10ffb5c0cbcc6481b193d0aad: {"timestamp":"2025-06-22T01:09:31.063Z"}
[32minfo[39m: Sending initial event 4/6 for session ffcf47d10ffb5c0cbcc6481b193d0aad: {"timestamp":"2025-06-22T01:09:31.064Z"}
[32minfo[39m: Sending initial event 5/6 for session ffcf47d10ffb5c0cbcc6481b193d0aad: {"timestamp":"2025-06-22T01:09:31.064Z"}
[32minfo[39m: Sending initial event 6/6 for session ffcf47d10ffb5c0cbcc6481b193d0aad: {"timestamp":"2025-06-22T01:09:31.065Z"}
[32minfo[39m: ✅ All initial events sent for session ffcf47d10ffb5c0cbcc6481b193d0aad, now handling audio queue {"timestamp":"2025-06-22T01:09:31.066Z"}
[32minfo[39m: Vonage inbound event {"body":{"conversation_uuid":"CON-91676d44-67cd-4a61-a1f4-9ed039672649","direction":"outbound","from":"Esther - Mike Lawrence Productions","headers":{},"status":"started","timestamp":"2025-06-22T01:09:31.104Z","to":"wss://gospelshare.io/socket?channel=ffcf47d10ffb5c0cbcc6481b193d0aad","uuid":"8ab05158-a0b3-4944-8a74-200f961be812"},"timestamp":"2025-06-22T01:09:31.174Z"}
[32minfo[39m: Vonage inbound event {"body":{"conversation_uuid":"CON-91676d44-67cd-4a61-a1f4-9ed039672649","direction":"outbound","from":"Esther - Mike Lawrence Productions","headers":{},"status":"ringing","timestamp":"2025-06-22T01:09:31.104Z","to":"wss://gospelshare.io/socket?channel=ffcf47d10ffb5c0cbcc6481b193d0aad","uuid":"8ab05158-a0b3-4944-8a74-200f961be812"},"timestamp":"2025-06-22T01:09:31.178Z"}
[32minfo[39m: Vonage inbound event {"body":{"conversation_uuid":"CON-91676d44-67cd-4a61-a1f4-9ed039672649","direction":"outbound","from":"Esther - Mike Lawrence Productions","headers":{},"network":null,"rate":null,"start_time":null,"status":"answered","timestamp":"2025-06-22T01:09:31.104Z","to":"wss://gospelshare.io/socket?channel=ffcf47d10ffb5c0cbcc6481b193d0aad","uuid":"8ab05158-a0b3-4944-8a74-200f961be812"},"timestamp":"2025-06-22T01:09:31.183Z"}
[32minfo[39m: Stream established for session ffcf47d10ffb5c0cbcc6481b193d0aad, processing responses... {"timestamp":"2025-06-22T01:09:31.192Z"}
[32minfo[39m: Vonage inbound event {"body":{"conversation_uuid":"CON-91676d44-67cd-4a61-a1f4-9ed039672649","direction":"inbound","disconnected_by":"user","duration":"32","end_time":"2025-06-22T01:09:57.000Z","from":"13472005533","headers":{},"network":"US-UNKNOWN","price":"0.00248533","rate":"0.00466000","start_time":"2025-06-22T01:09:25.000Z","status":"completed","timestamp":"2025-06-22T01:09:56.770Z","to":"12135235700","uuid":"ffcf47d10ffb5c0cbcc6481b193d0aad"},"timestamp":"2025-06-22T01:09:57.051Z"}
[32minfo[39m: Inbound call ended {"callId":"ffcf47d10ffb5c0cbcc6481b193d0aad","duration":32103,"phoneNumber":"13472005533","status":"completed","timestamp":"2025-06-22T01:09:57.051Z","transcript":[]}
[32minfo[39m: Vonage inbound event {"body":{"conversation_uuid":"CON-91676d44-67cd-4a61-a1f4-9ed039672649","direction":"outbound","disconnected_by":"platform","duration":"27","end_time":"2025-06-22T01:09:57.000Z","from":"Esther - Mike Lawrence Productions","headers":{},"network":null,"price":"0.001800","rate":"0.004000","start_time":"2025-06-22T01:09:30.000Z","status":"completed","timestamp":"2025-06-22T01:09:57.114Z","to":"wss://gospelshare.io/socket?channel=ffcf47d10ffb5c0cbcc6481b193d0aad","uuid":"8ab05158-a0b3-4944-8a74-200f961be812"},"timestamp":"2025-06-22T01:09:57.366Z"}
[31merror[39m: Error processing response stream for session ffcf47d10ffb5c0cbcc6481b193d0aad:  Timed out waiting for input events {"$fault":"client","$metadata":{},"name":"ValidationException","stack":"ValidationException: Timed out waiting for input events\n    at de_ValidationExceptionRes (/home/ec2-user/environment/map-20250618-mdl-rails/NovaVoice/microservice/node_modules/@aws-sdk/client-bedrock-runtime/dist-cjs/index.js:1699:21)\n    at de_ValidationException_event (/home/ec2-user/environment/map-20250618-mdl-rails/NovaVoice/microservice/node_modules/@aws-sdk/client-bedrock-runtime/dist-cjs/index.js:1969:10)\n    at processTicksAndRejections (node:internal/process/task_queues:95:5)\n    at /home/ec2-user/environment/map-20250618-mdl-rails/NovaVoice/microservice/node_modules/@aws-sdk/client-bedrock-runtime/dist-cjs/index.js:1811:30\n    at Object.deserializer (/home/ec2-user/environment/map-20250618-mdl-rails/NovaVoice/microservice/node_modules/@smithy/eventstream-serde-universal/dist-cjs/index.js:127:37)\n    at SmithyMessageDecoderStream.asyncIterator (/home/ec2-user/environment/map-20250618-mdl-rails/NovaVoice/microservice/node_modules/@smithy/eventstream-codec/dist-cjs/index.js:438:28)\n    at NovaSonicBidirectionalStreamClient.processResponseStream (/home/ec2-user/environment/map-20250618-mdl-rails/NovaVoice/microservice/src/nova-sonic-client.ts:545:24)\n    at NovaSonicBidirectionalStreamClient.initiateSession (/home/ec2-user/environment/map-20250618-mdl-rails/NovaVoice/microservice/src/nova-sonic-client.ts:310:7)\n    at WebSocketServer.<anonymous> (/home/ec2-user/environment/map-20250618-mdl-rails/NovaVoice/microservice/src/index.ts:509:5)","timestamp":"2025-06-22T01:10:29.418Z"}
[31merror[39m: Nova Sonic error {"callId":"ffcf47d10ffb5c0cbcc6481b193d0aad","error":{"details":"Timed out waiting for input events","message":"Error processing response stream","source":"responseStream"},"timestamp":"2025-06-22T01:10:29.418Z"}
[32minfo[39m: 🎉 COMPLETE: Nova Sonic session fully initialized {"callId":"ffcf47d10ffb5c0cbcc6481b193d0aad","timestamp":"2025-06-22T01:10:29.418Z","totalDuration":"58363ms"}
[INFO] 01:11:11 Restarting: /home/ec2-user/environment/map-20250618-mdl-rails/NovaVoice/microservice/src/nova-sonic-client.ts has been modified
Compilation error in /home/ec2-user/environment/map-20250618-mdl-rails/NovaVoice/microservice/src/nova-sonic-client.ts
[ERROR] 01:11:14 ⨯ Unable to compile TypeScript:
src/nova-sonic-client.ts(534,33): error TS2339: Property 'next' does not exist on type 'NovaSonicBidirectionalStreamClient'.

[INFO] 01:11:26 Restarting: /home/ec2-user/environment/map-20250618-mdl-rails/NovaVoice/microservice/src/nova-sonic-client.ts has been modified
[32minfo[39m: VonageService initialized {"outboundNumber":"+12135235735","timestamp":"2025-06-22T01:11:31.647Z","webhookBaseUrl":"https://gospelshare.io"}
[32minfo[39m: NovaSonicBidirectionalStreamClient initialized {"timestamp":"2025-06-22T01:11:31.656Z"}
[32minfo[39m: Microservice running on http://0.0.0.0:3000 {"timestamp":"2025-06-22T01:11:31.662Z"}
[32minfo[39m: WebSocket server available on ws://0.0.0.0:3000/ws {"timestamp":"2025-06-22T01:11:31.662Z"}
[32minfo[39m: Environment: {"awsRegion":"us-east-1","outboundNumber":"+12135235735","timestamp":"2025-06-22T01:11:31.663Z","webhookBaseUrl":"https://gospelshare.io"}
[INFO] 01:12:29 Restarting: /home/ec2-user/environment/map-20250618-mdl-rails/NovaVoice/microservice/src/index.ts has been modified
[32minfo[39m: VonageService initialized {"outboundNumber":"+12135235735","timestamp":"2025-06-22T01:12:35.088Z","webhookBaseUrl":"https://gospelshare.io"}
[32minfo[39m: NovaSonicBidirectionalStreamClient initialized {"timestamp":"2025-06-22T01:12:35.098Z"}
[32minfo[39m: Microservice running on http://0.0.0.0:3000 {"timestamp":"2025-06-22T01:12:35.105Z"}
[32minfo[39m: WebSocket server available on ws://0.0.0.0:3000/ws {"timestamp":"2025-06-22T01:12:35.105Z"}
[32minfo[39m: Environment: {"awsRegion":"us-east-1","outboundNumber":"+12135235735","timestamp":"2025-06-22T01:12:35.105Z","webhookBaseUrl":"https://gospelshare.io"}
[32minfo[39m: Vonage inbound event {"body":{"conversation_uuid":"CON-d8b6b1e0-8783-4104-84de-b51c3d725a42","direction":"inbound","from":"13472005533","headers":{},"status":"ringing","timestamp":"2025-06-22T01:14:46.167Z","to":"12135235700","uuid":"f98b04ce34ab37b8bd5d84c98ffc7c4d"},"timestamp":"2025-06-22T01:14:46.392Z"}
[32minfo[39m: Vonage inbound event {"body":{"conversation_uuid":"CON-d8b6b1e0-8783-4104-84de-b51c3d725a42","direction":"inbound","from":"13472005533","headers":{},"status":"started","timestamp":"2025-06-22T01:14:46.167Z","to":"12135235700","uuid":"f98b04ce34ab37b8bd5d84c98ffc7c4d"},"timestamp":"2025-06-22T01:14:46.548Z"}
[32minfo[39m: Vonage inbound answer webhook {"callId":"f98b04ce34ab37b8bd5d84c98ffc7c4d","conversation_uuid":"CON-d8b6b1e0-8783-4104-84de-b51c3d725a42","from":"13472005533","query":{"conversation_uuid":"CON-d8b6b1e0-8783-4104-84de-b51c3d725a42","endpoint_type":"phone","from":"13472005533","region_url":"https://api-us-3.vonage.com","to":"12135235700","uuid":"f98b04ce34ab37b8bd5d84c98ffc7c4d"},"timestamp":"2025-06-22T01:14:46.551Z","to":"12135235700"}
[32minfo[39m: BedrockService initialized {"modelId":"amazon.nova-sonic-v1:0","region":"us-east-1","timestamp":"2025-06-22T01:14:46.554Z"}
[32minfo[39m: AudioProcessor initialized {"timestamp":"2025-06-22T01:14:46.555Z"}
[32minfo[39m: Vonage inbound event {"body":{"conversation_uuid":"CON-d8b6b1e0-8783-4104-84de-b51c3d725a42","direction":"inbound","from":"13472005533","headers":{},"network":null,"rate":null,"start_time":null,"status":"answered","timestamp":"2025-06-22T01:14:46.627Z","to":"12135235700","uuid":"f98b04ce34ab37b8bd5d84c98ffc7c4d"},"timestamp":"2025-06-22T01:14:46.664Z"}
[32minfo[39m: WebSocket connection attempt {"callId":"f98b04ce34ab37b8bd5d84c98ffc7c4d","headers":{"cloudfront-forwarded-proto":"https","cloudfront-is-desktop-viewer":"true","cloudfront-is-mobile-viewer":"false","cloudfront-is-smarttv-viewer":"false","cloudfront-is-tablet-viewer":"false","cloudfront-viewer-asn":"14618","cloudfront-viewer-country":"US","connection":"upgrade","host":"gospelshare.io","origin":"wss://gospelshare.io","sec-websocket-key":"OwNoT/Wlu9QJnBc2ZWZJxQ==","sec-websocket-protocol":"WSBRIDGE","sec-websocket-version":"13","upgrade":"websocket","user-agent":"WSBridgeV2","via":"1.1 dee8b83cfc5bbd3e21ee2db7b2bb9b10.cloudfront.net (CloudFront)","x-amz-cf-id":"wqRHsOxYkKFOi00CGOKcRzq3ZYPR26areSMpmMJLKo-9VSxzY8EAMg==","x-forwarded-for":"216.147.2.179"},"pathname":"/socket","searchParams":{"channel":"f98b04ce34ab37b8bd5d84c98ffc7c4d"},"timestamp":"2025-06-22T01:14:52.635Z","url":"/socket?channel=f98b04ce34ab37b8bd5d84c98ffc7c4d"}
[32minfo[39m: WebSocket connected {"callId":"f98b04ce34ab37b8bd5d84c98ffc7c4d","timestamp":"2025-06-22T01:14:52.635Z"}
[32minfo[39m: 🚀 STEP 1: Creating stream session {"callId":"f98b04ce34ab37b8bd5d84c98ffc7c4d","timestamp":"2025-06-22T01:14:52.636Z"}
[32minfo[39m: ✅ STEP 1 COMPLETE: Stream session created {"callId":"f98b04ce34ab37b8bd5d84c98ffc7c4d","timestamp":"2025-06-22T01:14:52.637Z"}
[32minfo[39m: 🎧 STEP 2: Setting up event handlers {"callId":"f98b04ce34ab37b8bd5d84c98ffc7c4d","timestamp":"2025-06-22T01:14:52.638Z"}
[32minfo[39m: ✅ STEP 2 COMPLETE: Event handlers set {"callId":"f98b04ce34ab37b8bd5d84c98ffc7c4d","timestamp":"2025-06-22T01:14:52.638Z"}
[32minfo[39m: 🔗 STEP 3: Initiating Nova Sonic session (with new fast async iterator) {"callId":"f98b04ce34ab37b8bd5d84c98ffc7c4d","timestamp":"2025-06-22T01:14:52.639Z"}
[32minfo[39m: Starting bidirectional stream for session f98b04ce34ab37b8bd5d84c98ffc7c4d... {"timestamp":"2025-06-22T01:14:52.639Z"}
[32minfo[39m: Created 6 initial events for session f98b04ce34ab37b8bd5d84c98ffc7c4d {"timestamp":"2025-06-22T01:14:52.689Z"}
[32minfo[39m: Sending initial event 1/6 for session f98b04ce34ab37b8bd5d84c98ffc7c4d: {"timestamp":"2025-06-22T01:14:52.690Z"}
[32minfo[39m: Sending initial event 2/6 for session f98b04ce34ab37b8bd5d84c98ffc7c4d: {"timestamp":"2025-06-22T01:14:52.693Z"}
[32minfo[39m: Sending initial event 3/6 for session f98b04ce34ab37b8bd5d84c98ffc7c4d: {"timestamp":"2025-06-22T01:14:52.696Z"}
[32minfo[39m: Sending initial event 4/6 for session f98b04ce34ab37b8bd5d84c98ffc7c4d: {"timestamp":"2025-06-22T01:14:52.696Z"}
[32minfo[39m: Sending initial event 5/6 for session f98b04ce34ab37b8bd5d84c98ffc7c4d: {"timestamp":"2025-06-22T01:14:52.697Z"}
[32minfo[39m: Sending initial event 6/6 for session f98b04ce34ab37b8bd5d84c98ffc7c4d: {"timestamp":"2025-06-22T01:14:52.699Z"}
[32minfo[39m: ✅ All initial events sent for session f98b04ce34ab37b8bd5d84c98ffc7c4d, now handling audio queue {"timestamp":"2025-06-22T01:14:52.699Z"}
[32minfo[39m: Vonage inbound event {"body":{"conversation_uuid":"CON-d8b6b1e0-8783-4104-84de-b51c3d725a42","direction":"outbound","from":"Esther - Mike Lawrence Productions","headers":{},"status":"started","timestamp":"2025-06-22T01:14:52.663Z","to":"wss://gospelshare.io/socket?channel=f98b04ce34ab37b8bd5d84c98ffc7c4d","uuid":"aeb7b078-be50-445d-9942-3b3b4fdd1a62"},"timestamp":"2025-06-22T01:14:52.729Z"}
[32minfo[39m: Vonage inbound event {"body":{"conversation_uuid":"CON-d8b6b1e0-8783-4104-84de-b51c3d725a42","direction":"outbound","from":"Esther - Mike Lawrence Productions","headers":{},"status":"ringing","timestamp":"2025-06-22T01:14:52.663Z","to":"wss://gospelshare.io/socket?channel=f98b04ce34ab37b8bd5d84c98ffc7c4d","uuid":"aeb7b078-be50-445d-9942-3b3b4fdd1a62"},"timestamp":"2025-06-22T01:14:52.734Z"}
[32minfo[39m: Vonage inbound event {"body":{"conversation_uuid":"CON-d8b6b1e0-8783-4104-84de-b51c3d725a42","direction":"outbound","from":"Esther - Mike Lawrence Productions","headers":{},"network":null,"rate":null,"start_time":null,"status":"answered","timestamp":"2025-06-22T01:14:52.663Z","to":"wss://gospelshare.io/socket?channel=f98b04ce34ab37b8bd5d84c98ffc7c4d","uuid":"aeb7b078-be50-445d-9942-3b3b4fdd1a62"},"timestamp":"2025-06-22T01:14:52.768Z"}
[32minfo[39m: Stream established for session f98b04ce34ab37b8bd5d84c98ffc7c4d, processing responses... {"timestamp":"2025-06-22T01:14:52.884Z"}
[31merror[39m: Error processing response stream for session f98b04ce34ab37b8bd5d84c98ffc7c4d:  RequestId=9af67373-fd1c-4e36-8a00-f58bee7a349d : Error(s):
Error 1 : The following prompts were not closed: [ff267c4b-76e0-4352-8813-2c8c38675ed2]
Error 2 : Prompt [ff267c4b-76e0-4352-8813-2c8c38675ed2] has unclosed contents: [330b0091-0221-4961-bc4b-0a3a6448be63]
Error 3 : Prompt [ff267c4b-76e0-4352-8813-2c8c38675ed2] has contents with no data: [330b0091-0221-4961-bc4b-0a3a6448be63]
 {"$fault":"client","$metadata":{},"name":"ValidationException","stack":"ValidationException: RequestId=9af67373-fd1c-4e36-8a00-f58bee7a349d : Error(s):\nError 1 : The following prompts were not closed: [ff267c4b-76e0-4352-8813-2c8c38675ed2]\nError 2 : Prompt [ff267c4b-76e0-4352-8813-2c8c38675ed2] has unclosed contents: [330b0091-0221-4961-bc4b-0a3a6448be63]\nError 3 : Prompt [ff267c4b-76e0-4352-8813-2c8c38675ed2] has contents with no data: [330b0091-0221-4961-bc4b-0a3a6448be63]\n\n    at de_ValidationExceptionRes (/home/ec2-user/environment/map-20250618-mdl-rails/NovaVoice/microservice/node_modules/@aws-sdk/client-bedrock-runtime/dist-cjs/index.js:1699:21)\n    at de_ValidationException_event (/home/ec2-user/environment/map-20250618-mdl-rails/NovaVoice/microservice/node_modules/@aws-sdk/client-bedrock-runtime/dist-cjs/index.js:1969:10)\n    at processTicksAndRejections (node:internal/process/task_queues:95:5)\n    at /home/ec2-user/environment/map-20250618-mdl-rails/NovaVoice/microservice/node_modules/@aws-sdk/client-bedrock-runtime/dist-cjs/index.js:1811:30\n    at Object.deserializer (/home/ec2-user/environment/map-20250618-mdl-rails/NovaVoice/microservice/node_modules/@smithy/eventstream-serde-universal/dist-cjs/index.js:127:37)\n    at SmithyMessageDecoderStream.asyncIterator (/home/ec2-user/environment/map-20250618-mdl-rails/NovaVoice/microservice/node_modules/@smithy/eventstream-codec/dist-cjs/index.js:438:28)\n    at NovaSonicBidirectionalStreamClient.processResponseStream (/home/ec2-user/environment/map-20250618-mdl-rails/NovaVoice/microservice/src/nova-sonic-client.ts:556:24)\n    at NovaSonicBidirectionalStreamClient.initiateSession (/home/ec2-user/environment/map-20250618-mdl-rails/NovaVoice/microservice/src/nova-sonic-client.ts:310:7)\n    at WebSocketServer.<anonymous> (/home/ec2-user/environment/map-20250618-mdl-rails/NovaVoice/microservice/src/index.ts:509:5)","timestamp":"2025-06-22T01:15:02.789Z"}
[31merror[39m: Nova Sonic error {"callId":"f98b04ce34ab37b8bd5d84c98ffc7c4d","error":{"details":"RequestId=9af67373-fd1c-4e36-8a00-f58bee7a349d : Error(s):\nError 1 : The following prompts were not closed: [ff267c4b-76e0-4352-8813-2c8c38675ed2]\nError 2 : Prompt [ff267c4b-76e0-4352-8813-2c8c38675ed2] has unclosed contents: [330b0091-0221-4961-bc4b-0a3a6448be63]\nError 3 : Prompt [ff267c4b-76e0-4352-8813-2c8c38675ed2] has contents with no data: [330b0091-0221-4961-bc4b-0a3a6448be63]\n","message":"Error processing response stream","source":"responseStream"},"timestamp":"2025-06-22T01:15:02.790Z"}
[32minfo[39m: 🎉 COMPLETE: Nova Sonic session fully initialized {"callId":"f98b04ce34ab37b8bd5d84c98ffc7c4d","timestamp":"2025-06-22T01:15:02.790Z","totalDuration":"10151ms"}
[32minfo[39m: 📨 WebSocket message received {"callId":"f98b04ce34ab37b8bd5d84c98ffc7c4d","dataLength":640,"dataType":"object","firstBytes":"f8fff8fff8fff8fff8fff8fff8fff8ff","isBuffer":true,"timestamp":"2025-06-22T01:15:02.791Z"}
[32minfo[39m: 🎵 AUDIO RECEIVED from caller {"audioSize":640,"callId":"f98b04ce34ab37b8bd5d84c98ffc7c4d","firstBytes":"f8fff8fff8fff8ff","timestamp":"2025-06-22T01:15:02.791Z"}
[32minfo[39m: 📤 SENDING AUDIO to Nova Sonic session {"callId":"f98b04ce34ab37b8bd5d84c98ffc7c4d","timestamp":"2025-06-22T01:15:02.791Z"}
[32minfo[39m: 🎤 StreamSession.streamAudio called {"audioSize":640,"queueLength":0,"sessionId":"f98b04ce34ab37b8bd5d84c98ffc7c4d","timestamp":"2025-06-22T01:15:02.792Z"}
[32minfo[39m: 🔄 Audio added to queue, processing... {"newQueueLength":1,"sessionId":"f98b04ce34ab37b8bd5d84c98ffc7c4d","timestamp":"2025-06-22T01:15:02.792Z"}
[32minfo[39m: 🎯 streamAudioChunk called {"audioSize":640,"sessionId":"f98b04ce34ab37b8bd5d84c98ffc7c4d","timestamp":"2025-06-22T01:15:02.792Z"}
[32minfo[39m: 📡 Adding audioInput event to queue {"audioContentId":"330b0091-0221-4961-bc4b-0a3a6448be63","base64Length":856,"sessionId":"f98b04ce34ab37b8bd5d84c98ffc7c4d","timestamp":"2025-06-22T01:15:02.792Z"}
[32minfo[39m: ✅ audioInput event queued {"sessionId":"f98b04ce34ab37b8bd5d84c98ffc7c4d","timestamp":"2025-06-22T01:15:02.793Z"}
[32minfo[39m: 📨 WebSocket message received {"callId":"f98b04ce34ab37b8bd5d84c98ffc7c4d","dataLength":640,"dataType":"object","firstBytes":"f8fff8fff8fff8fff8fff8fff8fff8ff","isBuffer":true,"timestamp":"2025-06-22T01:15:02.793Z"}
[32minfo[39m: 🎵 AUDIO RECEIVED from caller {"audioSize":640,"callId":"f98b04ce34ab37b8bd5d84c98ffc7c4d","firstBytes":"f8fff8fff8fff8ff","timestamp":"2025-06-22T01:15:02.795Z"}
[32minfo[39m: 📤 SENDING AUDIO to Nova Sonic session {"callId":"f98b04ce34ab37b8bd5d84c98ffc7c4d","timestamp":"2025-06-22T01:15:02.795Z"}
[32minfo[39m: 🎤 StreamSession.streamAudio called {"audioSize":640,"queueLength":0,"sessionId":"f98b04ce34ab37b8bd5d84c98ffc7c4d","timestamp":"2025-06-22T01:15:02.795Z"}
[32minfo[39m: 🔄 Audio added to queue, processing... {"newQueueLength":1,"sessionId":"f98b04ce34ab37b8bd5d84c98ffc7c4d","timestamp":"2025-06-22T01:15:02.795Z"}
[32minfo[39m: 📨 WebSocket message received {"callId":"f98b04ce34ab37b8bd5d84c98ffc7c4d","dataLength":640,"dataType":"object","firstBytes":"f8fff8fff8fff8fff8fff8fff8fff8ff","isBuffer":true,"timestamp":"2025-06-22T01:15:02.795Z"}
[32minfo[39m: 🎵 AUDIO RECEIVED from caller {"audioSize":640,"callId":"f98b04ce34ab37b8bd5d84c98ffc7c4d","firstBytes":"f8fff8fff8fff8ff","timestamp":"2025-06-22T01:15:02.795Z"}
[32minfo[39m: 📤 SENDING AUDIO to Nova Sonic session {"callId":"f98b04ce34ab37b8bd5d84c98ffc7c4d","timestamp":"2025-06-22T01:15:02.795Z"}
[32minfo[39m: 🎤 StreamSession.streamAudio called {"audioSize":640,"queueLength":1,"sessionId":"f98b04ce34ab37b8bd5d84c98ffc7c4d","timestamp":"2025-06-22T01:15:02.796Z"}
[32minfo[39m: 🔄 Audio added to queue, processing... {"newQueueLength":2,"sessionId":"f98b04ce34ab37b8bd5d84c98ffc7c4d","timestamp":"2025-06-22T01:15:02.796Z"}
[32minfo[39m: 🎯 streamAudioChunk called {"audioSize":640,"sessionId":"f98b04ce34ab37b8bd5d84c98ffc7c4d","timestamp":"2025-06-22T01:15:02.796Z"}
[32minfo[39m: 📡 Adding audioInput event to queue {"audioContentId":"330b0091-0221-4961-bc4b-0a3a6448be63","base64Length":856,"sessionId":"f98b04ce34ab37b8bd5d84c98ffc7c4d","timestamp":"2025-06-22T01:15:02.796Z"}
[32minfo[39m: ✅ audioInput event queued {"sessionId":"f98b04ce34ab37b8bd5d84c98ffc7c4d","timestamp":"2025-06-22T01:15:02.796Z"}
[32minfo[39m: ✅ AUDIO SENT to Nova Sonic {"audioSize":640,"callId":"f98b04ce34ab37b8bd5d84c98ffc7c4d","timestamp":"2025-06-22T01:15:02.796Z"}
[32minfo[39m: ✅ AUDIO SENT to Nova Sonic {"audioSize":640,"callId":"f98b04ce34ab37b8bd5d84c98ffc7c4d","timestamp":"2025-06-22T01:15:02.796Z"}
[32minfo[39m: ✅ AUDIO SENT to Nova Sonic {"audioSize":640,"callId":"f98b04ce34ab37b8bd5d84c98ffc7c4d","timestamp":"2025-06-22T01:15:02.796Z"}
[32minfo[39m: 🎯 streamAudioChunk called {"audioSize":640,"sessionId":"f98b04ce34ab37b8bd5d84c98ffc7c4d","timestamp":"2025-06-22T01:15:02.797Z"}
[32minfo[39m: 📡 Adding audioInput event to queue {"audioContentId":"330b0091-0221-4961-bc4b-0a3a6448be63","base64Length":856,"sessionId":"f98b04ce34ab37b8bd5d84c98ffc7c4d","timestamp":"2025-06-22T01:15:02.797Z"}
[32minfo[39m: ✅ audioInput event queued {"sessionId":"f98b04ce34ab37b8bd5d84c98ffc7c4d","timestamp":"2025-06-22T01:15:02.797Z"}
[32minfo[39m: Vonage inbound event {"body":{"conversation_uuid":"CON-d8b6b1e0-8783-4104-84de-b51c3d725a42","direction":"inbound","disconnected_by":"user","duration":"16","end_time":"2025-06-22T01:15:02.000Z","from":"13472005533","headers":{},"network":"US-UNKNOWN","price":"0.00124267","rate":"0.00466000","start_time":"2025-06-22T01:14:46.000Z","status":"completed","timestamp":"2025-06-22T01:15:02.459Z","to":"12135235700","uuid":"f98b04ce34ab37b8bd5d84c98ffc7c4d"},"timestamp":"2025-06-22T01:15:02.798Z"}
[32minfo[39m: Inbound call ended {"callId":"f98b04ce34ab37b8bd5d84c98ffc7c4d","duration":16243,"phoneNumber":"13472005533","status":"completed","timestamp":"2025-06-22T01:15:02.798Z","transcript":[]}
[32minfo[39m: WebSocket disconnected {"callId":"f98b04ce34ab37b8bd5d84c98ffc7c4d","timestamp":"2025-06-22T01:15:02.819Z"}
[32minfo[39m: 🔚 Closing audio content and prompt for session {"callId":"f98b04ce34ab37b8bd5d84c98ffc7c4d","timestamp":"2025-06-22T01:15:02.819Z"}
[32minfo[39m: Session f98b04ce34ab37b8bd5d84c98ffc7c4d close completed {"timestamp":"2025-06-22T01:15:02.820Z"}
[32minfo[39m: Nova Sonic session fully closed {"callId":"f98b04ce34ab37b8bd5d84c98ffc7c4d","timestamp":"2025-06-22T01:15:02.820Z"}
[32minfo[39m: Vonage inbound event {"body":{"conversation_uuid":"CON-d8b6b1e0-8783-4104-84de-b51c3d725a42","direction":"outbound","disconnected_by":"platform","duration":"10","end_time":"2025-06-22T01:15:02.000Z","from":"Esther - Mike Lawrence Productions","headers":{},"network":null,"price":"0.000667","rate":"0.004000","start_time":"2025-06-22T01:14:52.000Z","status":"completed","timestamp":"2025-06-22T01:15:02.838Z","to":"wss://gospelshare.io/socket?channel=f98b04ce34ab37b8bd5d84c98ffc7c4d","uuid":"aeb7b078-be50-445d-9942-3b3b4fdd1a62"},"timestamp":"2025-06-22T01:15:03.088Z"}
