📝 Minimal transcript logger initialized
Serving static files from: /home/ec2-user/environment/map-20250618-mdl-rails/
Frontend files from: /home/ec2-user/environment/map-20250618-mdl-rails/NovaVoice/frontend
OutboundCallManager created without config - call configure() to set credentials
Vonage integration initialized with barge-in support.
Server running on HTTP port 3000
Server listening on 0.0.0.0:3000
Running session cleanup check
Running session cleanup check
Running session cleanup check
Running session cleanup check
Running session cleanup check
Running session cleanup check
Running session cleanup check
Running session cleanup check
Running session cleanup check
Running session cleanup check
Running session cleanup check
Running session cleanup check
[WEBHOOK] Handling inbound call from undefined to undefined, UUID: test-inbound
[WEBHOOK] Responding with WebSocket URI: wss://gospelshare.io/socket?channel=test-inbound
[WEBHOOK] Handling outbound call from 12135235735 to 15551234567, UUID: test-outbound
[WEBHOOK] Responding with WebSocket URI: wss://gospelshare.io/socket?channel=test-outbound
[WEBHOOK] Handling inbound call from 13472005533 to 12135235700, UUID: cf-test
[WEBHOOK] Responding with WebSocket URI: wss://gospelshare.io/socket?channel=cf-test
Running session cleanup check
Running session cleanup check
Running session cleanup check
Running session cleanup check
